<?xml version='1.0'?>
<ns2:test-suite xmlns:ns2='urn:model.allure.qatools.yandex.ru' start='1633072123545' stop='1633072145181'>
    <name>German Game Flash For You Test Suite</name>
    <title>German Game Flash For You Test Suite</title>
    <test-cases>
        <test-case start='1633072123558' status='passed' stop='1633072135032'>
            <name>Server response 200 OK</name>
            <title>Server response 200 OK</title>
            <labels>
                <label name='language' value='javascript'/>
                <label name='framework' value='wdio'/>
                <label name='thread' value='0-0'/>
                <label name='language' value='javascript'/>
                <label name='framework' value='wdio'/>
                <label name='thread' value='0-0'/>
            </labels>
            <parameters>
                <parameter kind='argument' name='browser' value='chrome-94.0.4606.61'/>
                <parameter kind='argument' name='browser' value='chrome-94.0.4606.61'/>
            </parameters>
            <steps>
                <step start='1633072123559' status='passed' stop='1633072131479'>
                    <name>POST /session/:sessionId/url</name>
                    <title>POST /session/:sessionId/url</title>
                    <attachments>
                        <attachment title='Request' source='b47f300c-dd72-4a40-bfcd-0de6e528173b-attachment.json' type='application/json' size='35'/>
                    </attachments>
                    <steps/>
                </step>
            </steps>
            <attachments/>
        </test-case>
        <test-case start='1633072135033' status='passed' stop='1633072138508'>
            <name>Response Time of Server is below 3100</name>
            <title>Response Time of Server is below 3100</title>
            <labels>
                <label name='language' value='javascript'/>
                <label name='framework' value='wdio'/>
                <label name='thread' value='0-0'/>
            </labels>
            <parameters>
                <parameter kind='argument' name='browser' value='chrome-94.0.4606.61'/>
            </parameters>
            <steps/>
            <attachments/>
        </test-case>
        <test-case start='1633072138508' status='passed' stop='1633072144681'>
            <name>Linkage test, switch to Ukrainian page</name>
            <title>Linkage test, switch to Ukrainian page</title>
            <labels>
                <label name='language' value='javascript'/>
                <label name='framework' value='wdio'/>
                <label name='thread' value='0-0'/>
            </labels>
            <parameters>
                <parameter kind='argument' name='browser' value='chrome-94.0.4606.61'/>
            </parameters>
            <steps>
                <step start='1633072138511' status='passed' stop='1633072138537'>
                    <name>POST /session/:sessionId/element</name>
                    <title>POST /session/:sessionId/element</title>
                    <attachments>
                        <attachment title='Request' source='2fd3d18f-6760-4c68-ad4c-40db7c61e05c-attachment.json' type='application/json' size='76'/>
                        <attachment title='Response' source='f94c6fbf-f9d9-43d6-aafa-bd689c12d8f6-attachment.json' type='application/json' size='83'/>
                    </attachments>
                    <steps/>
                </step>
                <step start='1633072138545' status='passed' stop='1633072144671'>
                    <name>POST /session/:sessionId/element/49d8fd5e-4d81-4617-b57c-2157e0ea4010/click</name>
                    <title>POST /session/:sessionId/element/49d8fd5e-4d81-4617-b57c-2157e0ea4010/click</title>
                    <attachments/>
                    <steps/>
                </step>
                <step start='1633072144671' status='passed' stop='1633072144680'>
                    <name>GET /session/:sessionId/url</name>
                    <title>GET /session/:sessionId/url</title>
                    <attachments>
                        <attachment title='Response' source='8092d81f-86bf-45c1-a9a9-a73b943319ae-attachment.json' type='application/json' size='22'/>
                    </attachments>
                    <steps/>
                </step>
            </steps>
            <attachments/>
        </test-case>
        <test-case start='1633072144682' status='broken' stop='1633072145179'>
            <name>Switching to Ukrainian language</name>
            <title>Switching to Ukrainian language</title>
            <labels>
                <label name='language' value='javascript'/>
                <label name='framework' value='wdio'/>
                <label name='thread' value='0-0'/>
            </labels>
            <parameters>
                <parameter kind='argument' name='browser' value='chrome-94.0.4606.61'/>
            </parameters>
            <steps>
                <step start='1633072144683' status='passed' stop='1633072145179'>
                    <name>GET /session/:sessionId/url</name>
                    <title>GET /session/:sessionId/url</title>
                    <attachments>
                        <attachment title='Screenshot' source='f1ab9550-33c0-4d69-93dc-2d6907cb94b9-attachment.png' type='image/png' size='1142190'/>
                    </attachments>
                    <steps>
                        <step start='1633072144684' status='passed' stop='1633072144689'>
                            <name>GET /session/:sessionId/screenshot</name>
                            <title>GET /session/:sessionId/screenshot</title>
                            <attachments>
                                <attachment title='Response' source='cab895ec-5cdb-484e-86c8-f8d6ce62095b-attachment.json' type='application/json' size='22'/>
                            </attachments>
                            <steps/>
                        </step>
                    </steps>
                </step>
            </steps>
            <attachments/>
            <failure>
                <message>The "url" argument must be of type string. Received an instance of Promise</message>
                <stack-trace>TypeError [ERR_INVALID_ARG_TYPE]: The "url" argument must be of type string. Received an instance of Promise
                    at new NodeError (node:internal/errors:371:5)
                    at validateString (node:internal/validators:119:11)
                    at Url.parse (node:url:169:3)
                    at Object.urlParse [as parse] (node:url:156:13)
                    at dispatchHttpRequest (/Users/denyskhomenko/WebstormProjects/gf4yio/node_modules/axios/lib/adapters/http.js:98:22)
                    at new Promise (&lt;anonymous>)
                    at httpAdapter (/Users/denyskhomenko/WebstormProjects/gf4yio/node_modules/axios/lib/adapters/http.js:46:10)
                    at dispatchRequest (/Users/denyskhomenko/WebstormProjects/gf4yio/node_modules/axios/lib/core/dispatchRequest.js:53:10)
                    at Axios.request (/Users/denyskhomenko/WebstormProjects/gf4yio/node_modules/axios/lib/core/Axios.js:108:15)
                    at Axios.&lt;computed> [as get] (/Users/denyskhomenko/WebstormProjects/gf4yio/node_modules/axios/lib/core/Axios.js:129:17)</stack-trace>
            </failure>
        </test-case>
        <test-case start='1633072145180' status='pending' stop='1633072145180'>
            <name>Title of the page says </name>
            <title>Title of the page says </title>
            <labels/>
            <parameters/>
            <steps/>
            <attachments/>
            <failure>
                <message>Test ignored</message>
                <stack-trace>undefined</stack-trace>
            </failure>
        </test-case>
        <test-case start='1633072145180' status='pending' stop='1633072145180'>
            <name>Return to German page</name>
            <title>Return to German page</title>
            <labels/>
            <parameters/>
            <steps/>
            <attachments/>
            <failure>
                <message>Test ignored</message>
                <stack-trace>undefined</stack-trace>
            </failure>
        </test-case>
        <test-case start='1633072145180' status='pending' stop='1633072145180'>
            <name>Linkage test, switch to English page</name>
            <title>Linkage test, switch to English page</title>
            <labels/>
            <parameters/>
            <steps/>
            <attachments/>
            <failure>
                <message>Test ignored</message>
                <stack-trace>undefined</stack-trace>
            </failure>
        </test-case>
        <test-case start='1633072145180' status='pending' stop='1633072145180'>
            <name>Test of page switching to English language</name>
            <title>Test of page switching to English language</title>
            <labels/>
            <parameters/>
            <steps/>
            <attachments/>
            <failure>
                <message>Test ignored</message>
                <stack-trace>undefined</stack-trace>
            </failure>
        </test-case>
        <test-case start='1633072145180' status='pending' stop='1633072145180'>
            <name>Title of the page says </name>
            <title>Title of the page says </title>
            <labels/>
            <parameters/>
            <steps/>
            <attachments/>
            <failure>
                <message>Test ignored</message>
                <stack-trace>undefined</stack-trace>
            </failure>
        </test-case>
        <test-case start='1633072145180' status='pending' stop='1633072145180'>
            <name>Return to German page</name>
            <title>Return to German page</title>
            <labels/>
            <parameters/>
            <steps/>
            <attachments/>
            <failure>
                <message>Test ignored</message>
                <stack-trace>undefined</stack-trace>
            </failure>
        </test-case>
        <test-case start='1633072145180' status='pending' stop='1633072145180'>
            <name>Linkage test, switch to Russian page</name>
            <title>Linkage test, switch to Russian page</title>
            <labels/>
            <parameters/>
            <steps/>
            <attachments/>
            <failure>
                <message>Test ignored</message>
                <stack-trace>undefined</stack-trace>
            </failure>
        </test-case>
        <test-case start='1633072145180' status='pending' stop='1633072145180'>
            <name>Switching to German language</name>
            <title>Switching to German language</title>
            <labels/>
            <parameters/>
            <steps/>
            <attachments/>
            <failure>
                <message>Test ignored</message>
                <stack-trace>undefined</stack-trace>
            </failure>
        </test-case>
        <test-case start='1633072145180' status='pending' stop='1633072145180'>
            <name>Title of the page says </name>
            <title>Title of the page says </title>
            <labels/>
            <parameters/>
            <steps/>
            <attachments/>
            <failure>
                <message>Test ignored</message>
                <stack-trace>undefined</stack-trace>
            </failure>
        </test-case>
        <test-case start='1633072145180' status='pending' stop='1633072145180'>
            <name>Return to German page</name>
            <title>Return to German page</title>
            <labels/>
            <parameters/>
            <steps/>
            <attachments/>
            <failure>
                <message>Test ignored</message>
                <stack-trace>undefined</stack-trace>
            </failure>
        </test-case>
        <test-case start='1633072145180' status='pending' stop='1633072145180'>
            <name>Top 100 games displays more than 100 results</name>
            <title>Top 100 games displays more than 100 results</title>
            <labels/>
            <parameters/>
            <steps/>
            <attachments/>
            <failure>
                <message>Test ignored</message>
                <stack-trace>undefined</stack-trace>
            </failure>
        </test-case>
    </test-cases>
</ns2:test-suite>