<?xml version='1.0'?>
<ns2:test-suite xmlns:ns2='urn:model.allure.qatools.yandex.ru' start='1633072826288' stop='1633072856489'>
    <name>German Game Flash For You Test Suite</name>
    <title>German Game Flash For You Test Suite</title>
    <test-cases>
        <test-case start='1633072826289' status='passed' stop='1633072833956'>
            <name>Server response 200 OK</name>
            <title>Server response 200 OK</title>
            <labels>
                <label name='language' value='javascript'/>
                <label name='framework' value='wdio'/>
                <label name='thread' value='0-0'/>
                <label name='language' value='javascript'/>
                <label name='framework' value='wdio'/>
                <label name='thread' value='0-0'/>
            </labels>
            <parameters>
                <parameter kind='argument' name='browser' value='chrome-94.0.4606.61'/>
                <parameter kind='argument' name='browser' value='chrome-94.0.4606.61'/>
            </parameters>
            <steps>
                <step start='1633072826290' status='passed' stop='1633072830571'>
                    <name>POST /session/:sessionId/url</name>
                    <title>POST /session/:sessionId/url</title>
                    <attachments>
                        <attachment title='Request' source='6c2a2422-9c43-43db-895a-bc0226aa00b2-attachment.json' type='application/json' size='35'/>
                    </attachments>
                    <steps/>
                </step>
            </steps>
            <attachments/>
        </test-case>
        <test-case start='1633072833958' status='passed' stop='1633072837288'>
            <name>Response Time of Server is below 3100</name>
            <title>Response Time of Server is below 3100</title>
            <labels>
                <label name='language' value='javascript'/>
                <label name='framework' value='wdio'/>
                <label name='thread' value='0-0'/>
            </labels>
            <parameters>
                <parameter kind='argument' name='browser' value='chrome-94.0.4606.61'/>
            </parameters>
            <steps/>
            <attachments/>
        </test-case>
        <test-case start='1633072837288' status='passed' stop='1633072842540'>
            <name>Linkage test, switch to Ukrainian page</name>
            <title>Linkage test, switch to Ukrainian page</title>
            <labels>
                <label name='language' value='javascript'/>
                <label name='framework' value='wdio'/>
                <label name='thread' value='0-0'/>
            </labels>
            <parameters>
                <parameter kind='argument' name='browser' value='chrome-94.0.4606.61'/>
            </parameters>
            <steps>
                <step start='1633072837291' status='passed' stop='1633072837312'>
                    <name>POST /session/:sessionId/element</name>
                    <title>POST /session/:sessionId/element</title>
                    <attachments>
                        <attachment title='Request' source='a4ad7e7a-f63d-43e7-8756-43d51bc5a6a8-attachment.json' type='application/json' size='76'/>
                        <attachment title='Response' source='615be9d4-b267-4e54-92b7-738f17ce0e43-attachment.json' type='application/json' size='83'/>
                    </attachments>
                    <steps/>
                </step>
                <step start='1633072837321' status='passed' stop='1633072842532'>
                    <name>POST /session/:sessionId/element/85b73c75-c7f4-4ba3-8e75-32f365044d3a/click</name>
                    <title>POST /session/:sessionId/element/85b73c75-c7f4-4ba3-8e75-32f365044d3a/click</title>
                    <attachments/>
                    <steps/>
                </step>
                <step start='1633072842532' status='passed' stop='1633072842538'>
                    <name>GET /session/:sessionId/url</name>
                    <title>GET /session/:sessionId/url</title>
                    <attachments>
                        <attachment title='Response' source='d797bcd6-fad5-4f13-a8eb-d23e81d7afc2-attachment.json' type='application/json' size='22'/>
                    </attachments>
                    <steps/>
                </step>
            </steps>
            <attachments/>
        </test-case>
        <test-case start='1633072842540' status='failed' stop='1633072856482'>
            <name>Switching to Ukrainian language</name>
            <title>Switching to Ukrainian language</title>
            <labels>
                <label name='language' value='javascript'/>
                <label name='framework' value='wdio'/>
                <label name='thread' value='0-0'/>
            </labels>
            <parameters>
                <parameter kind='argument' name='browser' value='chrome-94.0.4606.61'/>
            </parameters>
            <steps>
                <step start='1633072842541' status='passed' stop='1633072842545'>
                    <name>GET /session/:sessionId/url</name>
                    <title>GET /session/:sessionId/url</title>
                    <attachments>
                        <attachment title='Response' source='2af214c8-d151-4421-a0f2-8639f9660204-attachment.json' type='application/json' size='22'/>
                    </attachments>
                    <steps/>
                </step>
                <step start='1633072855894' status='passed' stop='1633072856481'>
                    <name>GET /session/:sessionId/screenshot</name>
                    <title>GET /session/:sessionId/screenshot</title>
                    <attachments>
                        <attachment title='Screenshot' source='a11e8241-374e-4642-bd0c-d75459246e9f-attachment.png' type='image/png' size='1399863'/>
                    </attachments>
                    <steps/>
                </step>
            </steps>
            <attachments/>
            <failure>
                <message>Expect uk-ua to have property value
                
                Expected: "uk-ua"
                Received: undefined</message>
                <stack-trace>Error: Expect uk-ua to have property value
                
                Expected: "uk-ua"
                Received: undefined
                    at Context.&lt;anonymous> (/Users/denyskhomenko/WebstormProjects/gf4yio/test/specs/german.js:42:40)
                    at processTicksAndRejections (node:internal/process/task_queues:96:5)</stack-trace>
            </failure>
        </test-case>
        <test-case start='1633072856482' status='passed' stop='1633072856487'>
            <name>Title of the page says </name>
            <title>Title of the page says </title>
            <labels>
                <label name='language' value='javascript'/>
                <label name='framework' value='wdio'/>
                <label name='thread' value='0-0'/>
            </labels>
            <parameters>
                <parameter kind='argument' name='browser' value='chrome-94.0.4606.61'/>
            </parameters>
            <steps>
                <step start='1633072856482' status='passed' stop='1633072856487'>
                    <name>GET /session/:sessionId/title</name>
                    <title>GET /session/:sessionId/title</title>
                    <attachments>
                        <attachment title='Response' source='63f905ed-7b66-4ff3-8981-71e03922b187-attachment.json' type='application/json' size='52'/>
                    </attachments>
                    <steps/>
                </step>
            </steps>
            <attachments/>
        </test-case>
        <test-case start='1633072856488' status='pending' stop='1633072856488'>
            <name>Return to German page</name>
            <title>Return to German page</title>
            <labels/>
            <parameters/>
            <steps/>
            <attachments/>
            <failure>
                <message>Test ignored</message>
                <stack-trace>undefined</stack-trace>
            </failure>
        </test-case>
        <test-case start='1633072856488' status='pending' stop='1633072856488'>
            <name>Linkage test, switch to English page</name>
            <title>Linkage test, switch to English page</title>
            <labels/>
            <parameters/>
            <steps/>
            <attachments/>
            <failure>
                <message>Test ignored</message>
                <stack-trace>undefined</stack-trace>
            </failure>
        </test-case>
        <test-case start='1633072856488' status='pending' stop='1633072856488'>
            <name>Test of page switching to English language</name>
            <title>Test of page switching to English language</title>
            <labels/>
            <parameters/>
            <steps/>
            <attachments/>
            <failure>
                <message>Test ignored</message>
                <stack-trace>undefined</stack-trace>
            </failure>
        </test-case>
        <test-case start='1633072856488' status='pending' stop='1633072856488'>
            <name>Title of the page says </name>
            <title>Title of the page says </title>
            <labels/>
            <parameters/>
            <steps/>
            <attachments/>
            <failure>
                <message>Test ignored</message>
                <stack-trace>undefined</stack-trace>
            </failure>
        </test-case>
        <test-case start='1633072856488' status='pending' stop='1633072856488'>
            <name>Return to German page</name>
            <title>Return to German page</title>
            <labels/>
            <parameters/>
            <steps/>
            <attachments/>
            <failure>
                <message>Test ignored</message>
                <stack-trace>undefined</stack-trace>
            </failure>
        </test-case>
        <test-case start='1633072856488' status='pending' stop='1633072856488'>
            <name>Linkage test, switch to Russian page</name>
            <title>Linkage test, switch to Russian page</title>
            <labels/>
            <parameters/>
            <steps/>
            <attachments/>
            <failure>
                <message>Test ignored</message>
                <stack-trace>undefined</stack-trace>
            </failure>
        </test-case>
        <test-case start='1633072856488' status='pending' stop='1633072856488'>
            <name>Switching to German language</name>
            <title>Switching to German language</title>
            <labels/>
            <parameters/>
            <steps/>
            <attachments/>
            <failure>
                <message>Test ignored</message>
                <stack-trace>undefined</stack-trace>
            </failure>
        </test-case>
        <test-case start='1633072856488' status='pending' stop='1633072856488'>
            <name>Title of the page says </name>
            <title>Title of the page says </title>
            <labels/>
            <parameters/>
            <steps/>
            <attachments/>
            <failure>
                <message>Test ignored</message>
                <stack-trace>undefined</stack-trace>
            </failure>
        </test-case>
        <test-case start='1633072856488' status='pending' stop='1633072856488'>
            <name>Return to German page</name>
            <title>Return to German page</title>
            <labels/>
            <parameters/>
            <steps/>
            <attachments/>
            <failure>
                <message>Test ignored</message>
                <stack-trace>undefined</stack-trace>
            </failure>
        </test-case>
        <test-case start='1633072856488' status='pending' stop='1633072856488'>
            <name>Top 100 games displays more than 100 results</name>
            <title>Top 100 games displays more than 100 results</title>
            <labels/>
            <parameters/>
            <steps/>
            <attachments/>
            <failure>
                <message>Test ignored</message>
                <stack-trace>undefined</stack-trace>
            </failure>
        </test-case>
    </test-cases>
</ns2:test-suite>