<?xml version='1.0'?>
<ns2:test-suite xmlns:ns2='urn:model.allure.qatools.yandex.ru' start='1633072179302' stop='1633072210510'>
    <name>German Game Flash For You Test Suite</name>
    <title>German Game Flash For You Test Suite</title>
    <test-cases>
        <test-case start='1633072179302' status='passed' stop='1633072187559'>
            <name>Server response 200 OK</name>
            <title>Server response 200 OK</title>
            <labels>
                <label name='language' value='javascript'/>
                <label name='framework' value='wdio'/>
                <label name='thread' value='0-0'/>
                <label name='language' value='javascript'/>
                <label name='framework' value='wdio'/>
                <label name='thread' value='0-0'/>
            </labels>
            <parameters>
                <parameter kind='argument' name='browser' value='chrome-94.0.4606.61'/>
                <parameter kind='argument' name='browser' value='chrome-94.0.4606.61'/>
            </parameters>
            <steps>
                <step start='1633072179304' status='passed' stop='1633072184041'>
                    <name>POST /session/:sessionId/url</name>
                    <title>POST /session/:sessionId/url</title>
                    <attachments>
                        <attachment title='Request' source='0adf57da-a9dc-4949-a455-21e443ee28a7-attachment.json' type='application/json' size='35'/>
                    </attachments>
                    <steps/>
                </step>
            </steps>
            <attachments/>
        </test-case>
        <test-case start='1633072187560' status='passed' stop='1633072190935'>
            <name>Response Time of Server is below 3100</name>
            <title>Response Time of Server is below 3100</title>
            <labels>
                <label name='language' value='javascript'/>
                <label name='framework' value='wdio'/>
                <label name='thread' value='0-0'/>
            </labels>
            <parameters>
                <parameter kind='argument' name='browser' value='chrome-94.0.4606.61'/>
            </parameters>
            <steps/>
            <attachments/>
        </test-case>
        <test-case start='1633072190936' status='passed' stop='1633072196202'>
            <name>Linkage test, switch to Ukrainian page</name>
            <title>Linkage test, switch to Ukrainian page</title>
            <labels>
                <label name='language' value='javascript'/>
                <label name='framework' value='wdio'/>
                <label name='thread' value='0-0'/>
            </labels>
            <parameters>
                <parameter kind='argument' name='browser' value='chrome-94.0.4606.61'/>
            </parameters>
            <steps>
                <step start='1633072190939' status='passed' stop='1633072190960'>
                    <name>POST /session/:sessionId/element</name>
                    <title>POST /session/:sessionId/element</title>
                    <attachments>
                        <attachment title='Request' source='dad6c254-07a5-4b46-9dfe-a6501bba9b2b-attachment.json' type='application/json' size='76'/>
                        <attachment title='Response' source='545c981c-6461-40c8-8734-359dcb072b04-attachment.json' type='application/json' size='83'/>
                    </attachments>
                    <steps/>
                </step>
                <step start='1633072190967' status='passed' stop='1633072196190'>
                    <name>POST /session/:sessionId/element/b0f55434-ff41-436e-8fda-95ee89cd7a10/click</name>
                    <title>POST /session/:sessionId/element/b0f55434-ff41-436e-8fda-95ee89cd7a10/click</title>
                    <attachments/>
                    <steps/>
                </step>
                <step start='1633072196190' status='passed' stop='1633072196198'>
                    <name>GET /session/:sessionId/url</name>
                    <title>GET /session/:sessionId/url</title>
                    <attachments>
                        <attachment title='Response' source='fc50d357-7596-4cb5-ba17-d0d8b054740d-attachment.json' type='application/json' size='22'/>
                    </attachments>
                    <steps/>
                </step>
            </steps>
            <attachments/>
        </test-case>
        <test-case start='1633072196202' status='failed' stop='1633072210509'>
            <name>Switching to Ukrainian language</name>
            <title>Switching to Ukrainian language</title>
            <labels>
                <label name='language' value='javascript'/>
                <label name='framework' value='wdio'/>
                <label name='thread' value='0-0'/>
            </labels>
            <parameters>
                <parameter kind='argument' name='browser' value='chrome-94.0.4606.61'/>
            </parameters>
            <steps>
                <step start='1633072196202' status='passed' stop='1633072196208'>
                    <name>GET /session/:sessionId/url</name>
                    <title>GET /session/:sessionId/url</title>
                    <attachments>
                        <attachment title='Response' source='7e36a8df-7290-4260-89f5-e9a7ee825886-attachment.json' type='application/json' size='22'/>
                    </attachments>
                    <steps/>
                </step>
                <step start='1633072209646' status='passed' stop='1633072210505'>
                    <name>GET /session/:sessionId/screenshot</name>
                    <title>GET /session/:sessionId/screenshot</title>
                    <attachments>
                        <attachment title='Screenshot' source='50cf472c-c95c-4756-941b-177e726134f4-attachment.png' type='image/png' size='1399863'/>
                    </attachments>
                    <steps/>
                </step>
            </steps>
            <attachments/>
            <failure>
                <message>Expect uk-ua to have property value
                
                Expected: "uk-ua"
                Received: undefined</message>
                <stack-trace>Error: Expect uk-ua to have property value
                
                Expected: "uk-ua"
                Received: undefined
                    at Context.&lt;anonymous> (/Users/denyskhomenko/WebstormProjects/gf4yio/test/specs/german.js:39:46)
                    at processTicksAndRejections (node:internal/process/task_queues:96:5)</stack-trace>
            </failure>
        </test-case>
        <test-case start='1633072210509' status='pending' stop='1633072210509'>
            <name>Title of the page says </name>
            <title>Title of the page says </title>
            <labels/>
            <parameters/>
            <steps/>
            <attachments/>
            <failure>
                <message>Test ignored</message>
                <stack-trace>undefined</stack-trace>
            </failure>
        </test-case>
        <test-case start='1633072210509' status='pending' stop='1633072210509'>
            <name>Return to German page</name>
            <title>Return to German page</title>
            <labels/>
            <parameters/>
            <steps/>
            <attachments/>
            <failure>
                <message>Test ignored</message>
                <stack-trace>undefined</stack-trace>
            </failure>
        </test-case>
        <test-case start='1633072210509' status='pending' stop='1633072210509'>
            <name>Linkage test, switch to English page</name>
            <title>Linkage test, switch to English page</title>
            <labels/>
            <parameters/>
            <steps/>
            <attachments/>
            <failure>
                <message>Test ignored</message>
                <stack-trace>undefined</stack-trace>
            </failure>
        </test-case>
        <test-case start='1633072210509' status='pending' stop='1633072210509'>
            <name>Test of page switching to English language</name>
            <title>Test of page switching to English language</title>
            <labels/>
            <parameters/>
            <steps/>
            <attachments/>
            <failure>
                <message>Test ignored</message>
                <stack-trace>undefined</stack-trace>
            </failure>
        </test-case>
        <test-case start='1633072210509' status='pending' stop='1633072210509'>
            <name>Title of the page says </name>
            <title>Title of the page says </title>
            <labels/>
            <parameters/>
            <steps/>
            <attachments/>
            <failure>
                <message>Test ignored</message>
                <stack-trace>undefined</stack-trace>
            </failure>
        </test-case>
        <test-case start='1633072210509' status='pending' stop='1633072210509'>
            <name>Return to German page</name>
            <title>Return to German page</title>
            <labels/>
            <parameters/>
            <steps/>
            <attachments/>
            <failure>
                <message>Test ignored</message>
                <stack-trace>undefined</stack-trace>
            </failure>
        </test-case>
        <test-case start='1633072210509' status='pending' stop='1633072210509'>
            <name>Linkage test, switch to Russian page</name>
            <title>Linkage test, switch to Russian page</title>
            <labels/>
            <parameters/>
            <steps/>
            <attachments/>
            <failure>
                <message>Test ignored</message>
                <stack-trace>undefined</stack-trace>
            </failure>
        </test-case>
        <test-case start='1633072210509' status='pending' stop='1633072210509'>
            <name>Switching to German language</name>
            <title>Switching to German language</title>
            <labels/>
            <parameters/>
            <steps/>
            <attachments/>
            <failure>
                <message>Test ignored</message>
                <stack-trace>undefined</stack-trace>
            </failure>
        </test-case>
        <test-case start='1633072210509' status='pending' stop='1633072210509'>
            <name>Title of the page says </name>
            <title>Title of the page says </title>
            <labels/>
            <parameters/>
            <steps/>
            <attachments/>
            <failure>
                <message>Test ignored</message>
                <stack-trace>undefined</stack-trace>
            </failure>
        </test-case>
        <test-case start='1633072210509' status='pending' stop='1633072210509'>
            <name>Return to German page</name>
            <title>Return to German page</title>
            <labels/>
            <parameters/>
            <steps/>
            <attachments/>
            <failure>
                <message>Test ignored</message>
                <stack-trace>undefined</stack-trace>
            </failure>
        </test-case>
        <test-case start='1633072210509' status='pending' stop='1633072210509'>
            <name>Top 100 games displays more than 100 results</name>
            <title>Top 100 games displays more than 100 results</title>
            <labels/>
            <parameters/>
            <steps/>
            <attachments/>
            <failure>
                <message>Test ignored</message>
                <stack-trace>undefined</stack-trace>
            </failure>
        </test-case>
    </test-cases>
</ns2:test-suite>